<?xml version="1.0" encoding="UTF-8"?>
<testng-results ignored="0" total="1" passed="1" failed="0" skipped="0">
  <reporter-output>
  </reporter-output>
  <suite started-at="2021-08-23T13:46:12Z" name="TestSuite1" finished-at="2021-08-23T13:48:36Z" duration-ms="144814">
    <groups>
    </groups>
    <test started-at="2021-08-23T13:46:12Z" name="LoginPageTests" finished-at="2021-08-23T13:48:36Z" duration-ms="144814">
      <class name="com.qa.hs.tests.LoginTest">
        <test-method is-config="true" signature="start()[pri:0, instance:com.qa.hs.tests.LoginTest@2812b107]" started-at="2021-08-23T13:46:10Z" name="start" finished-at="2021-08-23T13:46:12Z" duration-ms="2063" status="PASS">
          <reporter-output>
          </reporter-output>
        </test-method> <!-- start -->
        <test-method signature="loginTest()[pri:1, instance:com.qa.hs.tests.LoginTest@2812b107]" started-at="2021-08-23T13:46:12Z" name="loginTest" finished-at="2021-08-23T13:48:36Z" duration-ms="144793" status="PASS">
          <reporter-output>
          </reporter-output>
        </test-method> <!-- loginTest -->
        <test-method is-config="true" signature="end()[pri:0, instance:com.qa.hs.tests.LoginTest@2812b107]" started-at="2021-08-23T13:48:36Z" name="end" finished-at="2021-08-23T13:48:37Z" duration-ms="90" status="PASS">
          <reporter-output>
          </reporter-output>
        </test-method> <!-- end -->
      </class> <!-- com.qa.hs.tests.LoginTest -->
    </test> <!-- LoginPageTests -->
  </suite> <!-- TestSuite1 -->
</testng-results>
